<?xml version="1.0" encoding="UTF-8"?>
<!-- Generated by org.testng.reporters.JUnitReportReporter -->
<testsuite hostname="Xuyens-MacBook-Air.local" failures="0" tests="2" name="javaBasic.Topic_03_By_NEW" time="0.016" errors="0" timestamp="27 Jan 2024 10:29:35 GMT" skipped="0">
  <testcase classname="javaBasic.Topic_03_By_NEW" name="TC_01_Locator_Lower_Case" time="0.014"/>
  <testcase classname="javaBasic.Topic_03_By_NEW" name="TC_02_Locator_Camel_Case" time="0.002"/>
</testsuite> <!-- javaBasic.Topic_03_By_NEW -->
