<?xml version="1.0" encoding="UTF-8"?>
<!-- Generated by org.testng.reporters.JUnitReportReporter -->
<testsuite hostname="Xuyens-MacBook-Air.local" failures="0" tests="6" name="com.nopcommerce.user.User_01_Register" time="6.719" errors="0" timestamp="03 Dec 2023 09:10:19 GMT" skipped="0">
  <testcase classname="com.nopcommerce.user.User_01_Register" name="TC_04_Register_Existing_Email" time="1.022"/>
  <testcase classname="com.nopcommerce.user.User_01_Register" name="TC_06_Register_Invalid_Confirm_Password" time="1.268"/>
  <testcase classname="com.nopcommerce.user.User_01_Register" name="TC_03_Register_Success" time="1.296"/>
  <testcase classname="com.nopcommerce.user.User_01_Register" name="TC_02_Register_Invalid_Email" time="0.853"/>
  <testcase classname="com.nopcommerce.user.User_01_Register" name="TC_05_Register_Password_Less_Than_6_Chars" time="0.986"/>
  <testcase classname="com.nopcommerce.user.User_01_Register" name="TC_01_Register_Empty_Data" time="1.294"/>
</testsuite> <!-- com.nopcommerce.user.User_01_Register -->
