<?xml version="1.0" encoding="UTF-8"?>
<!-- Generated by org.testng.reporters.JUnitReportReporter -->
<testsuite hostname="Xuyens-MacBook-Air.local" failures="0" tests="6" name="com.nopcommerce.user.Level_02_Apply_BasePage_III" time="7.386" errors="0" timestamp="29 Dec 2023 13:37:12 GMT" skipped="0">
  <testcase classname="com.nopcommerce.user.Level_02_Apply_BasePage_III" name="TC_02_Register_Invalid_Email" time="1.038"/>
  <testcase classname="com.nopcommerce.user.Level_02_Apply_BasePage_III" name="TC_04_Register_Existing_Email" time="1.075"/>
  <testcase classname="com.nopcommerce.user.Level_02_Apply_BasePage_III" name="TC_05_Register_Password_Less_Than_6_Chars" time="1.070"/>
  <testcase classname="com.nopcommerce.user.Level_02_Apply_BasePage_III" name="TC_01_Register_Empty_Data" time="1.468"/>
  <testcase classname="com.nopcommerce.user.Level_02_Apply_BasePage_III" name="TC_06_Register_Invalid_Confirm_Password" time="1.366"/>
  <testcase classname="com.nopcommerce.user.Level_02_Apply_BasePage_III" name="TC_03_Register_Success" time="1.369"/>
</testsuite> <!-- com.nopcommerce.user.Level_02_Apply_BasePage_III -->
