<?xml version="1.0" encoding="UTF-8"?>
<!-- Generated by org.testng.reporters.JUnitReportReporter -->
<testsuite hostname="Xuyens-MacBook-Air.local" failures="0" tests="6" name="com.nopcommerce.user.Level_03_Apply_BasePage_III" time="7.059" errors="0" timestamp="16 Dec 2023 00:11:31 GMT" skipped="0">
  <testcase classname="com.nopcommerce.user.Level_03_Apply_BasePage_III" name="TC_03_Register_Success" time="1.279"/>
  <testcase classname="com.nopcommerce.user.Level_03_Apply_BasePage_III" name="TC_01_Register_Empty_Data" time="1.571"/>
  <testcase classname="com.nopcommerce.user.Level_03_Apply_BasePage_III" name="TC_06_Register_Invalid_Confirm_Password" time="1.391"/>
  <testcase classname="com.nopcommerce.user.Level_03_Apply_BasePage_III" name="TC_02_Register_Invalid_Email" time="0.934"/>
  <testcase classname="com.nopcommerce.user.Level_03_Apply_BasePage_III" name="TC_05_Register_Password_Less_Than_6_Chars" time="0.900"/>
  <testcase classname="com.nopcommerce.user.Level_03_Apply_BasePage_III" name="TC_04_Register_Existing_Email" time="0.984"/>
</testsuite> <!-- com.nopcommerce.user.Level_03_Apply_BasePage_III -->
