<?xml version="1.0" encoding="UTF-8"?>
<!-- Generated by org.testng.reporters.JUnitReportReporter -->
<testsuite hostname="Xuyens-MacBook-Air.local" failures="0" tests="5" name="com.nopcommerce.user.Level_07_Switch_Page" time="7.844" errors="0" timestamp="17 Jan 2024 23:18:37 GMT" skipped="0">
  <testcase classname="com.nopcommerce.user.Level_07_Switch_Page" name="User_03_Customer_Infor" time="0.728"/>
  <testcase classname="com.nopcommerce.user.Level_07_Switch_Page" name="User_04_Switch_page" time="3.465"/>
  <testcase classname="com.nopcommerce.user.Level_07_Switch_Page" name="User_02_Login" time="1.128"/>
  <testcase classname="com.nopcommerce.user.Level_07_Switch_Page" name="User_01_Register" time="2.520"/>
  <testcase classname="com.nopcommerce.user.Level_07_Switch_Page" name="User_05_Switch_Role" time="0.003"/>
</testsuite> <!-- com.nopcommerce.user.Level_07_Switch_Page -->
