<?xml version="1.0" encoding="UTF-8"?>
<!-- Generated by org.testng.reporters.JUnitReportReporter -->
<testsuite hostname="Xuyens-MacBook-Air.local" failures="0" tests="6" name="com.nopcommerce.user.Level_04_Multiple_Browser" time="7.724" errors="0" timestamp="11 Jan 2024 21:00:28 GMT" skipped="0">
  <testcase classname="com.nopcommerce.user.Level_04_Multiple_Browser" name="Register_02_Invalid_Email" time="1.109"/>
  <testcase classname="com.nopcommerce.user.Level_04_Multiple_Browser" name="Register_06_Invalid_Confirm_Password" time="1.464"/>
  <testcase classname="com.nopcommerce.user.Level_04_Multiple_Browser" name="Register_04_Existing_Email" time="1.113"/>
  <testcase classname="com.nopcommerce.user.Level_04_Multiple_Browser" name="Register_05_Password_Less_Than_6_Chars" time="1.050"/>
  <testcase classname="com.nopcommerce.user.Level_04_Multiple_Browser" name="Register_03_Success" time="1.365"/>
  <testcase classname="com.nopcommerce.user.Level_04_Multiple_Browser" name="Register_01_Empty_Data" time="1.623"/>
</testsuite> <!-- com.nopcommerce.user.Level_04_Multiple_Browser -->
