<?xml version="1.0" encoding="UTF-8"?>
<!-- Generated by org.testng.reporters.JUnitReportReporter -->
<testsuite hostname="Xuyens-MacBook-Air.local" failures="0" tests="6" name="com.nopcommerce.user.Level_02_Apply_BasePage" time="7.167" errors="0" timestamp="10 Dec 2023 13:56:04 GMT" skipped="0">
  <testcase classname="com.nopcommerce.user.Level_02_Apply_BasePage" name="TC_04_Register_Existing_Email" time="1.098"/>
  <testcase classname="com.nopcommerce.user.Level_02_Apply_BasePage" name="TC_01_Register_Empty_Data" time="1.483"/>
  <testcase classname="com.nopcommerce.user.Level_02_Apply_BasePage" name="TC_05_Register_Password_Less_Than_6_Chars" time="1.145"/>
  <testcase classname="com.nopcommerce.user.Level_02_Apply_BasePage" name="TC_03_Register_Success" time="1.248"/>
  <testcase classname="com.nopcommerce.user.Level_02_Apply_BasePage" name="TC_06_Register_Invalid_Confirm_Password" time="1.318"/>
  <testcase classname="com.nopcommerce.user.Level_02_Apply_BasePage" name="TC_02_Register_Invalid_Email" time="0.875"/>
</testsuite> <!-- com.nopcommerce.user.Level_02_Apply_BasePage -->
