<?xml version="1.0" encoding="UTF-8"?>
<!-- Generated by org.testng.reporters.JUnitReportReporter -->
<testsuite hostname="Xuyens-MacBook-Air.local" failures="0" tests="6" name="com.nopcommerce.user.Level_03_Page_Object_02_Login" time="6.388" errors="0" timestamp="07 Jan 2024 09:36:22 GMT" skipped="0">
  <testcase classname="com.nopcommerce.user.Level_03_Page_Object_02_Login" name="Login_06_Valid_Email_Password" time="1.276"/>
  <testcase classname="com.nopcommerce.user.Level_03_Page_Object_02_Login" name="Login_02_Invalid_Email" time="0.764"/>
  <testcase classname="com.nopcommerce.user.Level_03_Page_Object_02_Login" name="Login_05_Existing_Email_Incorrect_Password" time="0.999"/>
  <testcase classname="com.nopcommerce.user.Level_03_Page_Object_02_Login" name="Login_03_Email_Not_Found" time="0.955"/>
  <testcase classname="com.nopcommerce.user.Level_03_Page_Object_02_Login" name="Login_01_Empty_Data" time="0.727"/>
  <testcase classname="com.nopcommerce.user.Level_03_Page_Object_02_Login" name="Login_04_Existing_Email_Empty_Password" time="1.667"/>
</testsuite> <!-- com.nopcommerce.user.Level_03_Page_Object_02_Login -->
