<?xml version="1.0" encoding="UTF-8"?>
<!-- Generated by org.testng.reporters.JUnitReportReporter -->
<testsuite hostname="GPS-XuyenNT14" failures="0" tests="5" name="com.nopcommerce.user.Level_07_Switch_Page" time="6.331" errors="0" timestamp="19 Feb 2024 07:47:28 GMT" skipped="0">
  <testcase classname="com.nopcommerce.user.Level_07_Switch_Page" name="User_02_Login" time="1.118"/>
  <testcase classname="com.nopcommerce.user.Level_07_Switch_Page" name="User_01_Register" time="2.081"/>
  <testcase classname="com.nopcommerce.user.Level_07_Switch_Page" name="User_03_Customer_Infor" time="0.419"/>
  <testcase classname="com.nopcommerce.user.Level_07_Switch_Page" name="User_05_Switch_Role" time="0.000"/>
  <testcase classname="com.nopcommerce.user.Level_07_Switch_Page" name="User_04_Switch_page" time="2.713"/>
</testsuite> <!-- com.nopcommerce.user.Level_07_Switch_Page -->
