<?xml version="1.0" encoding="UTF-8"?>
<!-- Generated by org.testng.reporters.JUnitReportReporter -->
<testsuite hostname="Xuyens-MacBook-Air.local" failures="0" tests="6" name="com.nopcommerce.user.Level_06_Page_Generator_Manager_III" time="6.761" errors="0" timestamp="12 Jan 2024 10:05:04 GMT" skipped="0">
  <testcase classname="com.nopcommerce.user.Level_06_Page_Generator_Manager_III" name="Login_02_Invalid_Email" time="0.799"/>
  <testcase classname="com.nopcommerce.user.Level_06_Page_Generator_Manager_III" name="Login_06_Valid_Email_Password" time="1.291"/>
  <testcase classname="com.nopcommerce.user.Level_06_Page_Generator_Manager_III" name="Login_05_Existing_Email_Incorrect_Password" time="1.644"/>
  <testcase classname="com.nopcommerce.user.Level_06_Page_Generator_Manager_III" name="Login_03_Email_Not_Found" time="1.030"/>
  <testcase classname="com.nopcommerce.user.Level_06_Page_Generator_Manager_III" name="Login_04_Existing_Email_Empty_Password" time="1.138"/>
  <testcase classname="com.nopcommerce.user.Level_06_Page_Generator_Manager_III" name="Login_01_Empty_Data" time="0.859"/>
</testsuite> <!-- com.nopcommerce.user.Level_06_Page_Generator_Manager_III -->
