<?xml version="1.0" encoding="UTF-8"?>
<!-- Generated by org.testng.reporters.JUnitReportReporter -->
<testsuite hostname="Xuyens-MacBook-Air.local" failures="0" tests="5" name="com.nopcommerce.user.Level_07_Switch_Page" time="8.713" errors="0" timestamp="31 Jan 2024 02:29:10 GMT" skipped="0">
  <testcase classname="com.nopcommerce.user.Level_07_Switch_Page" name="User_03_Customer_Infor" time="0.523"/>
  <testcase classname="com.nopcommerce.user.Level_07_Switch_Page" name="User_04_Switch_page" time="3.759"/>
  <testcase classname="com.nopcommerce.user.Level_07_Switch_Page" name="User_02_Login" time="1.810"/>
  <testcase classname="com.nopcommerce.user.Level_07_Switch_Page" name="User_01_Register" time="2.617"/>
  <testcase classname="com.nopcommerce.user.Level_07_Switch_Page" name="User_05_Switch_Role" time="0.004"/>
</testsuite> <!-- com.nopcommerce.user.Level_07_Switch_Page -->
