<?xml version="1.0" encoding="UTF-8"?>
<!-- Generated by org.testng.reporters.JUnitReportReporter -->
<testsuite hostname="GPS-XuyenNT14" failures="0" tests="4" name="javaBasic.Topic_03_By" time="0.014" errors="0" timestamp="25 Jan 2024 07:31:10 GMT" skipped="0">
  <testcase classname="javaBasic.Topic_03_By" name="TC_01_Locator_Lower_Case" time="0.005"/>
  <testcase classname="javaBasic.Topic_03_By" name="TC_02_Locator_Camel_Case" time="0.001"/>
  <testcase classname="javaBasic.Topic_03_By" name="TC_03_Locator_Upper_Case" time="0.001"/>
  <testcase classname="javaBasic.Topic_03_By" name="TC_04_Locator_Invalid_Case" time="0.007"/>
</testsuite> <!-- javaBasic.Topic_03_By -->
