<?xml version="1.0" encoding="UTF-8"?>
<!-- Generated by org.testng.reporters.JUnitReportReporter -->
<testsuite hostname="Xuyens-MacBook-Air.local" failures="0" tests="3" name="com.nopcommerce.user.Level_09_Dynamic_Locator" time="9.851" errors="0" timestamp="25 Feb 2024 08:36:19 GMT" skipped="0">
  <testcase classname="com.nopcommerce.user.Level_09_Dynamic_Locator" name="User_02_Dynamic_page" time="3.037"/>
  <testcase classname="com.nopcommerce.user.Level_09_Dynamic_Locator" name="User_01_Register_Login" time="4.672"/>
  <testcase classname="com.nopcommerce.user.Level_09_Dynamic_Locator" name="User_03_Dynamic_page_01" time="2.142"/>
</testsuite> <!-- com.nopcommerce.user.Level_09_Dynamic_Locator -->
